app/build/intermediates/manifest_merge_blame_file/debug/manifest-merger-blame-debug-report.txt
1<?xml version="1.0" encoding="utf-8"?>
2<manifest xmlns:android="http://schemas.android.com/apk/res/android"
3    package="com.zhh.rosApp"
4    android:versionCode="1"
5    android:versionName="1.0.1" >
6
7    <uses-sdk
8        android:minSdkVersion="28"
8-->src\main\AndroidManifest.xml
9        android:targetSdkVersion="30" />
9-->src\main\AndroidManifest.xml
10
11    <uses-permission android:name="android.permission.CHANGE_NETWORK_STATE" />
11-->src\main\AndroidManifest.xml:5:5-78
11-->src\main\AndroidManifest.xml:5:22-76
12    <uses-permission android:name="android.permission.CHANGE_WIFI_STATE" />
12-->src\main\AndroidManifest.xml:6:5-75
12-->src\main\AndroidManifest.xml:6:22-73
13    <uses-permission android:name="android.permission.ACCESS_NETWORK_STATE" />
13-->src\main\AndroidManifest.xml:7:5-78
13-->src\main\AndroidManifest.xml:7:22-76
14    <uses-permission android:name="android.permission.ACCESS_WIFI_STATE" />
14-->src\main\AndroidManifest.xml:8:5-75
14-->src\main\AndroidManifest.xml:8:22-73
15    <uses-permission android:name="android.permission.INTERNET" />
15-->src\main\AndroidManifest.xml:9:5-66
15-->src\main\AndroidManifest.xml:9:22-64
16    <uses-permission android:name="android.permission.WAKE_LOCK" />
16-->src\main\AndroidManifest.xml:10:5-68
16-->src\main\AndroidManifest.xml:10:22-65
17    <uses-permission android:name="android.permission.WRITE_EXTERNAL_STORAGE" />
17-->src\main\AndroidManifest.xml:12:5-81
17-->src\main\AndroidManifest.xml:12:22-78
18    <uses-permission android:name="android.permission.READ_EXTERNAL_STORAGE" />
18-->src\main\AndroidManifest.xml:13:5-80
18-->src\main\AndroidManifest.xml:13:22-77
19    <uses-permission android:name="android.permission.MOUNT_UNMOUNT_FILESYSTEMS" />
19-->src\main\AndroidManifest.xml:14:5-15:47
19-->src\main\AndroidManifest.xml:14:22-81
20    <!-- 存储权限 -->
21    <uses-permission android:name="android.permission.MANAGE_EXTERNAL_STORAGE" />
21-->src\main\AndroidManifest.xml:17:5-18:40
21-->src\main\AndroidManifest.xml:17:22-79
22    <uses-permission android:name="android.permission.REQUEST_INSTALL_PACKAGES" />
22-->src\main\AndroidManifest.xml:19:5-82
22-->src\main\AndroidManifest.xml:19:22-80
23    <uses-permission android:name="android.permission.RECEIVE_BOOT_COMPLETED" />
23-->src\main\AndroidManifest.xml:20:5-81
23-->src\main\AndroidManifest.xml:20:22-78
24    <!-- 悬浮窗权限 -->
25    <uses-permission android:name="android.permission.SYSTEM_ALERT_WINDOW" />
25-->src\main\AndroidManifest.xml:22:5-78
25-->src\main\AndroidManifest.xml:22:22-75
26    <uses-permission android:name="android.permission.SYSTEM_OVERLAY_WINDOW" />
26-->src\main\AndroidManifest.xml:23:5-80
26-->src\main\AndroidManifest.xml:23:22-77
27    <!-- 得到屏幕正常的物理尺寸 -->
28    <supports-screens
28-->src\main\AndroidManifest.xml:70:5-75:39
29        android:anyDensity="true"
29-->src\main\AndroidManifest.xml:71:9-34
30        android:largeScreens="true"
30-->src\main\AndroidManifest.xml:72:9-36
31        android:normalScreens="true"
31-->src\main\AndroidManifest.xml:73:9-37
32        android:resizeable="true"
32-->src\main\AndroidManifest.xml:74:9-34
33        android:smallScreens="true" />
33-->src\main\AndroidManifest.xml:75:9-36
34
35    <uses-permission android:name="android.permission.REORDER_TASKS" />
35-->[androidx.test:core:1.3.0] AndroidManifest.xml:24:5-72
35-->[androidx.test:core:1.3.0] AndroidManifest.xml:24:22-69
36
37    <application
37-->src\main\AndroidManifest.xml:24:5-68:19
38        android:allowBackup="true"
38-->src\main\AndroidManifest.xml:26:9-35
39        android:appComponentFactory="androidx.core.app.CoreComponentFactory"
39-->[androidx.core:core:1.5.0] AndroidManifest.xml:24:18-86
40        android:debuggable="true"
41        android:extractNativeLibs="false"
42        android:label="@string/app_name"
42-->src\main\AndroidManifest.xml:27:9-41
43        android:requestLegacyExternalStorage="true"
43-->src\main\AndroidManifest.xml:30:9-52
44        android:supportsRtl="true"
44-->src\main\AndroidManifest.xml:28:9-35
45        android:testOnly="true"
46        android:theme="@style/AppTheme" >
46-->src\main\AndroidManifest.xml:29:9-40
47        <provider
48            android:name="androidx.core.content.FileProvider"
48-->src\main\AndroidManifest.xml:32:13-62
49            android:authorities="com.zhh.rosApp.fileProvider"
49-->src\main\AndroidManifest.xml:33:13-64
50            android:exported="false"
50-->src\main\AndroidManifest.xml:34:13-37
51            android:grantUriPermissions="true" >
51-->src\main\AndroidManifest.xml:35:13-47
52            <meta-data
52-->src\main\AndroidManifest.xml:36:13-38:54
53                android:name="android.support.FILE_PROVIDER_PATHS"
53-->src\main\AndroidManifest.xml:37:17-67
54                android:resource="@xml/file_paths" />
54-->src\main\AndroidManifest.xml:38:17-51
55        </provider>
56
57        <activity
57-->src\main\AndroidManifest.xml:40:9-50:20
58            android:name="com.zhh.rosApp.activity.MainActivity"
58-->src\main\AndroidManifest.xml:40:19-70
59            android:configChanges="keyboardHidden|orientation|screenSize"
59-->src\main\AndroidManifest.xml:41:13-74
60            android:launchMode="singleTask"
60-->src\main\AndroidManifest.xml:42:13-44
61            android:screenOrientation="landscape" >
61-->src\main\AndroidManifest.xml:43:13-50
62            <intent-filter>
62-->src\main\AndroidManifest.xml:44:13-49:29
63                <action android:name="android.intent.action.MAIN" />
63-->src\main\AndroidManifest.xml:45:17-69
63-->src\main\AndroidManifest.xml:45:25-66
64
65                <category android:name="android.intent.category.LAUNCHER" />
65-->src\main\AndroidManifest.xml:46:17-77
65-->src\main\AndroidManifest.xml:46:27-74
66                <category android:name="android.intent.category.DEFAULT" />
66-->src\main\AndroidManifest.xml:47:17-76
66-->src\main\AndroidManifest.xml:47:27-73
67                <category android:name="android.intent.category.HOME" />
67-->src\main\AndroidManifest.xml:48:17-73
67-->src\main\AndroidManifest.xml:48:27-70
68            </intent-filter>
69        </activity>
70
71        <meta-data
71-->src\main\AndroidManifest.xml:54:9-56:35
72            android:name="android.max_aspect"
72-->src\main\AndroidManifest.xml:55:13-46
73            android:value="2.1" />
73-->src\main\AndroidManifest.xml:56:13-32
74        <meta-data
74-->src\main\AndroidManifest.xml:58:13-60:40
75            android:name="ScopedStorage"
75-->src\main\AndroidManifest.xml:59:17-45
76            android:value="true" />
76-->src\main\AndroidManifest.xml:60:17-37
77        <meta-data
77-->src\main\AndroidManifest.xml:61:9-63:35
78            android:name="design_width_in_dp"
78-->src\main\AndroidManifest.xml:62:13-46
79            android:value="800" />
79-->src\main\AndroidManifest.xml:63:13-32
80        <meta-data
80-->src\main\AndroidManifest.xml:64:9-66:35
81            android:name="design_height_in_dp"
81-->src\main\AndroidManifest.xml:65:13-47
82            android:value="680" />
82-->src\main\AndroidManifest.xml:66:13-32
83
84        <activity
84-->[androidx.test:core:1.3.0] AndroidManifest.xml:27:9-33:20
85            android:name="androidx.test.core.app.InstrumentationActivityInvoker$BootstrapActivity"
85-->[androidx.test:core:1.3.0] AndroidManifest.xml:28:13-99
86            android:theme="@android:style/Theme" >
86-->[androidx.test:core:1.3.0] AndroidManifest.xml:29:13-49
87            <intent-filter>
87-->[androidx.test:core:1.3.0] AndroidManifest.xml:30:13-32:29
88                <action android:name="android.intent.action.MAIN" />
88-->src\main\AndroidManifest.xml:45:17-69
88-->src\main\AndroidManifest.xml:45:25-66
89            </intent-filter>
90        </activity>
91        <activity
91-->[androidx.test:core:1.3.0] AndroidManifest.xml:34:9-40:20
92            android:name="androidx.test.core.app.InstrumentationActivityInvoker$EmptyActivity"
92-->[androidx.test:core:1.3.0] AndroidManifest.xml:35:13-95
93            android:theme="@android:style/Theme" >
93-->[androidx.test:core:1.3.0] AndroidManifest.xml:36:13-49
94            <intent-filter>
94-->[androidx.test:core:1.3.0] AndroidManifest.xml:30:13-32:29
95                <action android:name="android.intent.action.MAIN" />
95-->src\main\AndroidManifest.xml:45:17-69
95-->src\main\AndroidManifest.xml:45:25-66
96            </intent-filter>
97        </activity>
98        <activity
98-->[androidx.test:core:1.3.0] AndroidManifest.xml:41:9-47:20
99            android:name="androidx.test.core.app.InstrumentationActivityInvoker$EmptyFloatingActivity"
99-->[androidx.test:core:1.3.0] AndroidManifest.xml:42:13-103
100            android:theme="@android:style/Theme.Dialog" >
100-->[androidx.test:core:1.3.0] AndroidManifest.xml:43:13-56
101            <intent-filter>
101-->[androidx.test:core:1.3.0] AndroidManifest.xml:30:13-32:29
102                <action android:name="android.intent.action.MAIN" />
102-->src\main\AndroidManifest.xml:45:17-69
102-->src\main\AndroidManifest.xml:45:25-66
103            </intent-filter>
104        </activity>
105    </application>
106
107</manifest>